<?xml version="1.0" encoding="UTF-8"?>
<testsuite xmlns:xsi="http://www.w3.org/2001/XMLSchema-instance" xsi:noNamespaceSchemaLocation="https://maven.apache.org/surefire/maven-surefire-plugin/xsd/surefire-test-report-3.0.xsd" version="3.0" name="com.example.menu.MenuApplicationTests" time="2.614" tests="1" errors="0" skipped="0" failures="0">
  <properties>
[...]
</properties>
  <testcase name="contextLoads" classname="com.example.menu.MenuApplicationTests" time="0.746">
    <system-out><![CDATA[17:25:22.834 [main] INFO org.springframework.test.context.support.AnnotationConfigContextLoaderUtils -- Could not detect default configuration classes for test class [com.example.menu.MenuApplicationTests]: MenuApplicationTests does not declare any static, non-private, non-final, nested classes annotated with @Configuration.
17:25:22.919 [main] INFO org.springframework.boot.test.context.SpringBootTestContextBootstrapper -- Found @SpringBootConfiguration com.example.menu.MenuApplication for test class com.example.menu.MenuApplicationTests
17:25:23.063 [main] INFO org.springframework.boot.devtools.restart.RestartApplicationListener -- Restart disabled due to context in which it is running
  .   ____          _            __ _ _
 /\\ / ___'_ __ _ _(_)_ __  __ _ \ \ \ \
( ( )\___ | '_ | '_| | '_ \/ _` | \ \ \ \
 \\/  ___)| |_)| | | | | || (_| |  ) ) ) )
  '  |____| .__|_| |_|_| |_\__, | / / / /
 =========|_|==============|___/=/_/_/_/

 :: Spring Boot ::                (v3.3.0)

2024-05-24T17:25:23.365-03:00  INFO 6056 --- [menu ] [           main] com.example.menu.MenuApplicationTests    : Starting MenuApplicationTests using Java 22.0.1 with PID 6056 (started by muril in C:\Users\muril\IdeaProjects\ws_Java\menu)
2024-05-24T17:25:23.367-03:00  INFO 6056 --- [menu ] [           main] com.example.menu.MenuApplicationTests    : No active profile set, falling back to 1 default profile: "default"
2024-05-24T17:25:24.532-03:00  INFO 6056 --- [menu ] [           main] com.example.menu.MenuApplicationTests    : Started MenuApplicationTests in 1.484 seconds (process running for 2.295)
]]></system-out>
    <system-err><![CDATA[WARNING: A Java agent has been loaded dynamically (C:\Users\muril\.m2\repository\net\bytebuddy\byte-buddy-agent\1.14.16\byte-buddy-agent-1.14.16.jar)
WARNING: If a serviceability tool is in use, please run with -XX:+EnableDynamicAgentLoading to hide this warning
WARNING: If a serviceability tool is not in use, please run with -Djdk.instrument.traceUsage for more information
WARNING: Dynamic loading of agents will be disallowed by default in a future release
]]></system-err>
  </testcase>
</testsuite>